This is pdfTeX, Version 3.141592653-2.6-1.40.26 (TeX Live 2024) (preloaded format=pdflatex 2024.3.15)  13 JUN 2024 20:44
entering extended mode
 restricted \write18 enabled.
 %&-line parsing enabled.
**main.tex
(./main.tex
LaTeX2e <2023-11-01> patch level 1
L3 programming layer <2024-02-20>
(./IEEEtran.cls
Document Class: IEEEtran 2015/08/26 V1.8b by Michael Shell
-- See the "IEEEtran_HOWTO" manual for usage information.
-- http://www.michaelshell.org/tex/ieeetran/
\@IEEEtrantmpdimenA=\dimen140
\@IEEEtrantmpdimenB=\dimen141
\@IEEEtrantmpdimenC=\dimen142
\@IEEEtrantmpcountA=\count188
\@IEEEtrantmpcountB=\count189
\@IEEEtrantmpcountC=\count190
\@IEEEtrantmptoksA=\toks17
LaTeX Font Info:    Trying to load font information for OT1+ptm on input line 5
03.
(c:/texlive/2024/texmf-dist/tex/latex/psnfss/ot1ptm.fd
File: ot1ptm.fd 2001/06/04 font definitions for OT1/ptm.
)
-- Using 8.5in x 11in (letter) paper.
-- Using PDF output.
\@IEEEnormalsizeunitybaselineskip=\dimen143
-- This is a 10 point document.
\CLASSINFOnormalsizebaselineskip=\dimen144
\CLASSINFOnormalsizeunitybaselineskip=\dimen145
\IEEEnormaljot=\dimen146
LaTeX Font Info:    Font shape `OT1/ptm/bx/n' in size <5> not available
(Font)              Font shape `OT1/ptm/b/n' tried instead on input line 1090.
LaTeX Font Info:    Font shape `OT1/ptm/bx/it' in size <5> not available
(Font)              Font shape `OT1/ptm/b/it' tried instead on input line 1090.

LaTeX Font Info:    Font shape `OT1/ptm/bx/n' in size <7> not available
(Font)              Font shape `OT1/ptm/b/n' tried instead on input line 1090.
LaTeX Font Info:    Font shape `OT1/ptm/bx/it' in size <7> not available
(Font)              Font shape `OT1/ptm/b/it' tried instead on input line 1090.

LaTeX Font Info:    Font shape `OT1/ptm/bx/n' in size <8> not available
(Font)              Font shape `OT1/ptm/b/n' tried instead on input line 1090.
LaTeX Font Info:    Font shape `OT1/ptm/bx/it' in size <8> not available
(Font)              Font shape `OT1/ptm/b/it' tried instead on input line 1090.

LaTeX Font Info:    Font shape `OT1/ptm/bx/n' in size <9> not available
(Font)              Font shape `OT1/ptm/b/n' tried instead on input line 1090.
LaTeX Font Info:    Font shape `OT1/ptm/bx/it' in size <9> not available
(Font)              Font shape `OT1/ptm/b/it' tried instead on input line 1090.

LaTeX Font Info:    Font shape `OT1/ptm/bx/n' in size <10> not available
(Font)              Font shape `OT1/ptm/b/n' tried instead on input line 1090.
LaTeX Font Info:    Font shape `OT1/ptm/bx/it' in size <10> not available
(Font)              Font shape `OT1/ptm/b/it' tried instead on input line 1090.

LaTeX Font Info:    Font shape `OT1/ptm/bx/n' in size <11> not available
(Font)              Font shape `OT1/ptm/b/n' tried instead on input line 1090.
LaTeX Font Info:    Font shape `OT1/ptm/bx/it' in size <11> not available
(Font)              Font shape `OT1/ptm/b/it' tried instead on input line 1090.

LaTeX Font Info:    Font shape `OT1/ptm/bx/n' in size <12> not available
(Font)              Font shape `OT1/ptm/b/n' tried instead on input line 1090.
LaTeX Font Info:    Font shape `OT1/ptm/bx/it' in size <12> not available
(Font)              Font shape `OT1/ptm/b/it' tried instead on input line 1090.

LaTeX Font Info:    Font shape `OT1/ptm/bx/n' in size <17> not available
(Font)              Font shape `OT1/ptm/b/n' tried instead on input line 1090.
LaTeX Font Info:    Font shape `OT1/ptm/bx/it' in size <17> not available
(Font)              Font shape `OT1/ptm/b/it' tried instead on input line 1090.

LaTeX Font Info:    Font shape `OT1/ptm/bx/n' in size <20> not available
(Font)              Font shape `OT1/ptm/b/n' tried instead on input line 1090.
LaTeX Font Info:    Font shape `OT1/ptm/bx/it' in size <20> not available
(Font)              Font shape `OT1/ptm/b/it' tried instead on input line 1090.

LaTeX Font Info:    Font shape `OT1/ptm/bx/n' in size <24> not available
(Font)              Font shape `OT1/ptm/b/n' tried instead on input line 1090.
LaTeX Font Info:    Font shape `OT1/ptm/bx/it' in size <24> not available
(Font)              Font shape `OT1/ptm/b/it' tried instead on input line 1090.

\IEEEquantizedlength=\dimen147
\IEEEquantizedlengthdiff=\dimen148
\IEEEquantizedtextheightdiff=\dimen149
\IEEEilabelindentA=\dimen150
\IEEEilabelindentB=\dimen151
\IEEEilabelindent=\dimen152
\IEEEelabelindent=\dimen153
\IEEEdlabelindent=\dimen154
\IEEElabelindent=\dimen155
\IEEEiednormlabelsep=\dimen156
\IEEEiedmathlabelsep=\dimen157
\IEEEiedtopsep=\skip48
\c@section=\count191
\c@subsection=\count192
\c@subsubsection=\count193
\c@paragraph=\count194
\c@IEEEsubequation=\count195
\abovecaptionskip=\skip49
\belowcaptionskip=\skip50
\c@figure=\count196
\c@table=\count197
\@IEEEeqnnumcols=\count198
\@IEEEeqncolcnt=\count199
\@IEEEsubeqnnumrollback=\count266
\@IEEEquantizeheightA=\dimen158
\@IEEEquantizeheightB=\dimen159
\@IEEEquantizeheightC=\dimen160
\@IEEEquantizeprevdepth=\dimen161
\@IEEEquantizemultiple=\count267
\@IEEEquantizeboxA=\box51
\@IEEEtmpitemindent=\dimen162
\IEEEPARstartletwidth=\dimen163
\c@IEEEbiography=\count268
\@IEEEtranrubishbin=\box52
)
** ATTENTION: Overriding command lockouts (line 2).
(c:/texlive/2024/texmf-dist/tex/latex/cite/cite.sty
LaTeX Info: Redefining \cite on input line 302.
LaTeX Info: Redefining \nocite on input line 332.
Package: cite 2015/02/27  v 5.5
)
(c:/texlive/2024/texmf-dist/tex/latex/amsmath/amsmath.sty
Package: amsmath 2023/05/13 v2.17o AMS math features
\@mathmargin=\skip51

For additional information on amsmath, use the `?' option.
(c:/texlive/2024/texmf-dist/tex/latex/amsmath/amstext.sty
Package: amstext 2021/08/26 v2.01 AMS text

(c:/texlive/2024/texmf-dist/tex/latex/amsmath/amsgen.sty
File: amsgen.sty 1999/11/30 v2.0 generic functions
\@emptytoks=\toks18
\ex@=\dimen164
))
(c:/texlive/2024/texmf-dist/tex/latex/amsmath/amsbsy.sty
Package: amsbsy 1999/11/29 v1.2d Bold Symbols
\pmbraise@=\dimen165
)
(c:/texlive/2024/texmf-dist/tex/latex/amsmath/amsopn.sty
Package: amsopn 2022/04/08 v2.04 operator names
)
\inf@bad=\count269
LaTeX Info: Redefining \frac on input line 234.
\uproot@=\count270
\leftroot@=\count271
LaTeX Info: Redefining \overline on input line 399.
LaTeX Info: Redefining \colon on input line 410.
\classnum@=\count272
\DOTSCASE@=\count273
LaTeX Info: Redefining \ldots on input line 496.
LaTeX Info: Redefining \dots on input line 499.
LaTeX Info: Redefining \cdots on input line 620.
\Mathstrutbox@=\box53
\strutbox@=\box54
LaTeX Info: Redefining \big on input line 722.
LaTeX Info: Redefining \Big on input line 723.
LaTeX Info: Redefining \bigg on input line 724.
LaTeX Info: Redefining \Bigg on input line 725.
\big@size=\dimen166
LaTeX Font Info:    Redeclaring font encoding OML on input line 743.
LaTeX Font Info:    Redeclaring font encoding OMS on input line 744.
\macc@depth=\count274
LaTeX Info: Redefining \bmod on input line 905.
LaTeX Info: Redefining \pmod on input line 910.
LaTeX Info: Redefining \smash on input line 940.
LaTeX Info: Redefining \relbar on input line 970.
LaTeX Info: Redefining \Relbar on input line 971.
\c@MaxMatrixCols=\count275
\dotsspace@=\muskip16
\c@parentequation=\count276
\dspbrk@lvl=\count277
\tag@help=\toks19
\row@=\count278
\column@=\count279
\maxfields@=\count280
\andhelp@=\toks20
\eqnshift@=\dimen167
\alignsep@=\dimen168
\tagshift@=\dimen169
\tagwidth@=\dimen170
\totwidth@=\dimen171
\lineht@=\dimen172
\@envbody=\toks21
\multlinegap=\skip52
\multlinetaggap=\skip53
\mathdisplay@stack=\toks22
LaTeX Info: Redefining \[ on input line 2953.
LaTeX Info: Redefining \] on input line 2954.
)
(c:/texlive/2024/texmf-dist/tex/latex/amsfonts/amssymb.sty
Package: amssymb 2013/01/14 v3.01 AMS font symbols

(c:/texlive/2024/texmf-dist/tex/latex/amsfonts/amsfonts.sty
Package: amsfonts 2013/01/14 v3.01 Basic AMSFonts support
\symAMSa=\mathgroup4
\symAMSb=\mathgroup5
LaTeX Font Info:    Redeclaring math symbol \hbar on input line 98.
LaTeX Font Info:    Overwriting math alphabet `\mathfrak' in version `bold'
(Font)                  U/euf/m/n --> U/euf/b/n on input line 106.
))
(c:/texlive/2024/texmf-dist/tex/latex/algorithms/algorithmic.sty
Package: algorithmic 2009/08/24 v0.1 Document Style `algorithmic'

(c:/texlive/2024/texmf-dist/tex/latex/base/ifthen.sty
Package: ifthen 2022/04/13 v1.1d Standard LaTeX ifthen package (DPC)
)
(c:/texlive/2024/texmf-dist/tex/latex/graphics/keyval.sty
Package: keyval 2022/05/29 v1.15 key=value parser (DPC)
\KV@toks@=\toks23
)
\c@ALC@unique=\count281
\c@ALC@line=\count282
\c@ALC@rem=\count283
\c@ALC@depth=\count284
\ALC@tlm=\skip54
\algorithmicindent=\skip55
)
(c:/texlive/2024/texmf-dist/tex/latex/graphics/graphicx.sty
Package: graphicx 2021/09/16 v1.2d Enhanced LaTeX Graphics (DPC,SPQR)

(c:/texlive/2024/texmf-dist/tex/latex/graphics/graphics.sty
Package: graphics 2022/03/10 v1.4e Standard LaTeX Graphics (DPC,SPQR)

(c:/texlive/2024/texmf-dist/tex/latex/graphics/trig.sty
Package: trig 2021/08/11 v1.11 sin cos tan (DPC)
)
(c:/texlive/2024/texmf-dist/tex/latex/graphics-cfg/graphics.cfg
File: graphics.cfg 2016/06/04 v1.11 sample graphics configuration
)
Package graphics Info: Driver file: pdftex.def on input line 107.

(c:/texlive/2024/texmf-dist/tex/latex/graphics-def/pdftex.def
File: pdftex.def 2022/09/22 v1.2b Graphics/color driver for pdftex
))
\Gin@req@height=\dimen173
\Gin@req@width=\dimen174
)
(c:/texlive/2024/texmf-dist/tex/latex/base/textcomp.sty
Package: textcomp 2020/02/02 v2.0n Standard LaTeX package
)
(c:/texlive/2024/texmf-dist/tex/latex/xcolor/xcolor.sty
Package: xcolor 2023/11/15 v3.01 LaTeX color extensions (UK)

(c:/texlive/2024/texmf-dist/tex/latex/graphics-cfg/color.cfg
File: color.cfg 2016/01/02 v1.6 sample color configuration
)
Package xcolor Info: Driver file: pdftex.def on input line 274.

(c:/texlive/2024/texmf-dist/tex/latex/graphics/mathcolor.ltx)
Package xcolor Info: Model `cmy' substituted by `cmy0' on input line 1350.
Package xcolor Info: Model `hsb' substituted by `rgb' on input line 1354.
Package xcolor Info: Model `RGB' extended on input line 1366.
Package xcolor Info: Model `HTML' substituted by `rgb' on input line 1368.
Package xcolor Info: Model `Hsb' substituted by `hsb' on input line 1369.
Package xcolor Info: Model `tHsb' substituted by `hsb' on input line 1370.
Package xcolor Info: Model `HSB' substituted by `hsb' on input line 1371.
Package xcolor Info: Model `Gray' substituted by `gray' on input line 1372.
Package xcolor Info: Model `wave' substituted by `hsb' on input line 1373.
)
(c:/texlive/2024/texmf-dist/tex/latex/float/float.sty
Package: float 2001/11/08 v1.3d Float enhancements (AL)
\c@float@type=\count285
\float@exts=\toks24
\float@box=\box55
\@float@everytoks=\toks25
\@floatcapt=\box56
)
(c:/texlive/2024/texmf-dist/tex/latex/tools/tabularx.sty
Package: tabularx 2023/07/08 v2.11c `tabularx' package (DPC)

(c:/texlive/2024/texmf-dist/tex/latex/tools/array.sty
Package: array 2023/10/16 v2.5g Tabular extension package (FMi)
\col@sep=\dimen175
\ar@mcellbox=\box57
\extrarowheight=\dimen176
\NC@list=\toks26
\extratabsurround=\skip56
\backup@length=\skip57
\ar@cellbox=\box58
)
\TX@col@width=\dimen177
\TX@old@table=\dimen178
\TX@old@col=\dimen179
\TX@target=\dimen180
\TX@delta=\dimen181
\TX@cols=\count286
\TX@ftn=\toks27
)
(c:/texlive/2024/texmf-dist/tex/latex/l3backend/l3backend-pdftex.def
File: l3backend-pdftex.def 2024-02-20 L3 backend support: PDF output (pdfTeX)
\l__color_backend_stack_int=\count287
\l__pdf_internal_box=\box59
)
(./main.aux)
\openout1 = `main.aux'.

LaTeX Font Info:    Checking defaults for OML/cmm/m/it on input line 13.
LaTeX Font Info:    ... okay on input line 13.
LaTeX Font Info:    Checking defaults for OMS/cmsy/m/n on input line 13.
LaTeX Font Info:    ... okay on input line 13.
LaTeX Font Info:    Checking defaults for OT1/cmr/m/n on input line 13.
LaTeX Font Info:    ... okay on input line 13.
LaTeX Font Info:    Checking defaults for T1/cmr/m/n on input line 13.
LaTeX Font Info:    ... okay on input line 13.
LaTeX Font Info:    Checking defaults for TS1/cmr/m/n on input line 13.
LaTeX Font Info:    ... okay on input line 13.
LaTeX Font Info:    Checking defaults for OMX/cmex/m/n on input line 13.
LaTeX Font Info:    ... okay on input line 13.
LaTeX Font Info:    Checking defaults for U/cmr/m/n on input line 13.
LaTeX Font Info:    ... okay on input line 13.

-- Lines per column: 56 (exact).
(c:/texlive/2024/texmf-dist/tex/context/base/mkii/supp-pdf.mkii
[Loading MPS to PDF converter (version 2006.09.02).]
\scratchcounter=\count288
\scratchdimen=\dimen182
\scratchbox=\box60
\nofMPsegments=\count289
\nofMParguments=\count290
\everyMPshowfont=\toks28
\MPscratchCnt=\count291
\MPscratchDim=\dimen183
\MPnumerator=\count292
\makeMPintoPDFobject=\count293
\everyMPtoPDFconversion=\toks29
) (c:/texlive/2024/texmf-dist/tex/latex/epstopdf-pkg/epstopdf-base.sty
Package: epstopdf-base 2020-01-24 v2.11 Base part for package epstopdf
Package epstopdf-base Info: Redefining graphics rule for `.eps' on input line 4
85.

(c:/texlive/2024/texmf-dist/tex/latex/latexconfig/epstopdf-sys.cfg
File: epstopdf-sys.cfg 2010/07/13 v1.3 Configuration of (r)epstopdf for TeX Liv
e
))
LaTeX Font Info:    Calculating math sizes for size <11> on input line 67.
LaTeX Font Info:    Trying to load font information for U+msa on input line 67.


(c:/texlive/2024/texmf-dist/tex/latex/amsfonts/umsa.fd
File: umsa.fd 2013/01/14 v3.01 AMS symbols A
)
LaTeX Font Info:    Trying to load font information for U+msb on input line 67.


(c:/texlive/2024/texmf-dist/tex/latex/amsfonts/umsb.fd
File: umsb.fd 2013/01/14 v3.01 AMS symbols B
) [1{c:/texlive/2024/texmf-var/fonts/map/pdftex/updmap/pdftex.map}{c:/texlive/2
024/texmf-dist/fonts/enc/dvips/base/8r.enc}


]
<fig1.png, id=10, 1147.28625pt x 83.31125pt>
File: fig1.png Graphic file (type png)
<use fig1.png>
Package pdftex.def Info: fig1.png  used on input line 81.
(pdftex.def)             Requested size: 252.0pt x 18.29802pt.
<fig2.png, id=12, 1292.83pt x 321.2pt>
File: fig2.png Graphic file (type png)
<use fig2.png>
Package pdftex.def Info: fig2.png  used on input line 103.
(pdftex.def)             Requested size: 252.0pt x 62.60678pt.
 [2 <./fig1.png> <./fig2.png>]
Underfull \hbox (badness 2150) in paragraph at lines 168--169
\OT1/ptm/m/n/10 cluster-wise re-gres-sion: lin-ear re-gres-sion, Fi-nite Mix-tu
re
 []

(c:/texlive/2024/texmf-dist/tex/latex/psnfss/ts1ptm.fd)
Underfull \hbox (badness 10000) in paragraph at lines 198--198
[]|\OT1/ptm/b/n/8 Population
 []


Overfull \hbox (2.91173pt too wide) in paragraph at lines 198--198
[]|\OT1/ptm/m/n/8 Narayanganj| 
 []


Overfull \hbox (4.30363pt too wide) in paragraph at lines 198--198
[]|\OT1/ptm/m/n/8 Mymensingh| 
 []


Underfull \hbox (badness 10000) in paragraph at lines 227--227
[]|\OT1/ptm/m/n/8 Population
 []

[3]
Overfull \hbox (4.60835pt too wide) in paragraph at lines 246--246
[]|\OT1/ptm/b/n/8 Iteration| 
 []


Underfull \hbox (badness 10000) in paragraph at lines 246--246
[]|\OT1/ptm/b/n/8 Area
 []


Underfull \hbox (badness 10000) in alignment at lines 246--246
[][][][][] 
 []


Underfull \hbox (badness 10000) in paragraph at lines 276--276
[]|\OT1/ptm/m/n/8 Cluster
 []


Overfull \hbox (4.07999pt too wide) in paragraph at lines 276--276
[]|\OT1/ptm/m/n/8 23867051.26| 
 []


Overfull \hbox (4.07999pt too wide) in paragraph at lines 276--276
[]|\OT1/ptm/m/n/8 416483.0026| 
 []


Overfull \hbox (4.07999pt too wide) in paragraph at lines 276--276
[]|\OT1/ptm/m/n/8 2645.354067| 
 []


Overfull \hbox (4.07999pt too wide) in paragraph at lines 276--276
[]|\OT1/ptm/m/n/8 17979.00106| 
 []


Overfull \hbox (4.07999pt too wide) in paragraph at lines 276--276
[]|\OT1/ptm/m/n/8 4164.530169| 
 []


Overfull \hbox (4.07999pt too wide) in paragraph at lines 276--276
[]|\OT1/ptm/m/n/8 868.3768975| 
 []


Overfull \hbox (4.07999pt too wide) in paragraph at lines 276--276
[]|\OT1/ptm/m/n/8 19771.00014| 
 []


Overfull \hbox (4.07999pt too wide) in paragraph at lines 276--276
[]|\OT1/ptm/m/n/8 24150.14635| 
 []


Overfull \hbox (4.07999pt too wide) in paragraph at lines 276--276
[]|\OT1/ptm/m/n/8 27457.17456| 
 []


Overfull \hbox (4.07999pt too wide) in paragraph at lines 276--276
[]|\OT1/ptm/m/n/8 48081.03475| 
 []


Overfull \hbox (4.07999pt too wide) in paragraph at lines 276--276
[]|\OT1/ptm/m/n/8 16433.14822| 
 []


Overfull \hbox (4.07999pt too wide) in paragraph at lines 276--276
[]|\OT1/ptm/m/n/8 13126.26785| 
 []


Overfull \hbox (4.07999pt too wide) in paragraph at lines 276--276
[]|\OT1/ptm/m/n/8 7498.120815| 
 []


Overfull \hbox (4.07999pt too wide) in paragraph at lines 276--276
[]|\OT1/ptm/m/n/8 8848.596239| 
 []


Overfull \hbox (4.07999pt too wide) in paragraph at lines 276--276
[]|\OT1/ptm/m/n/8 15083.18804| 
 []


Overfull \hbox (6.00018pt too wide) in paragraph at lines 284--288
[][] 
 []


Underfull \hbox (badness 10000) in paragraph at lines 318--318
[]|\OT1/ptm/b/n/8 Population
 []


Overfull \hbox (6.93053pt too wide) in paragraph at lines 334--334
[]|\OT1/ptm/b/n/8 No| 
 []


Overfull \hbox (5.8855pt too wide) in paragraph at lines 334--334
[]|\OT1/ptm/b/n/8 Population| 
 []


Underfull \hbox (badness 10000) in paragraph at lines 334--334
[]|\OT1/ptm/b/n/8 Area
 []


Underfull \hbox (badness 10000) in paragraph at lines 334--334
[]|\OT1/ptm/b/n/8 No.
 []


Underfull \hbox (badness 10000) in paragraph at lines 334--334
\OT1/ptm/b/n/8 of
 []


Underfull \hbox (badness 10000) in paragraph at lines 334--334
\OT1/ptm/b/n/8 TB
 []


Underfull \hbox (badness 10000) in paragraph at lines 334--334
\OT1/ptm/b/n/8 Pa-
 []


Overfull \hbox (4.43733pt too wide) in paragraph at lines 334--334
\OT1/ptm/b/n/8 tients| 
 []


Overfull \hbox (1.14264pt too wide) in paragraph at lines 334--334
[]|\OT1/ptm/b/n/8 Cluster
 []


Overfull \hbox (1.14264pt too wide) in paragraph at lines 334--334
[]|\OT1/ptm/b/n/8 Cluster
 []


Underfull \hbox (badness 10000) in paragraph at lines 334--334
[]|\OT1/ptm/b/n/8 Cluster
 []


Overfull \hbox (3.7309pt too wide) in paragraph at lines 334--334
[]|\OT1/ptm/b/n/8 Clu-
 []


Underfull \hbox (badness 10000) in paragraph at lines 334--334

 []


Overfull \hbox (1.49889pt too wide) in paragraph at lines 334--334
\OT1/ptm/b/n/8 ster
 []


Overfull \hbox (0.76292pt too wide) in paragraph at lines 334--334
\OT1/ptm/b/n/8 Gr-
 []


Underfull \hbox (badness 10000) in paragraph at lines 334--334

 []


Overfull \hbox (1.51498pt too wide) in paragraph at lines 334--334
\OT1/ptm/b/n/8 oup| 
 []


Overfull \hbox (5.15456pt too wide) in paragraph at lines 335--335
[]|\OT1/ptm/m/n/8 12| 
 []


Overfull \hbox (1.81499pt too wide) in paragraph at lines 335--335
[]|\OT1/ptm/m/n/8 1704.63| 
 []


Overfull \hbox (5.81499pt too wide) in paragraph at lines 335--335
[]|\OT1/ptm/m/n/8 37675.69| 
 []


Overfull \hbox (1.54726pt too wide) in paragraph at lines 335--335
[]|\OT1/ptm/m/n/8 42895.36| 
 []


Overfull \hbox (1.15456pt too wide) in paragraph at lines 336--336
[]|\OT1/ptm/m/n/8 8| 
 []


Overfull \hbox (4.08316pt too wide) in paragraph at lines 336--336
[]|\OT1/ptm/m/n/8 203198| 
 []


Overfull \hbox (5.81499pt too wide) in paragraph at lines 336--336
[]|\OT1/ptm/m/n/8 16410.66| 
 []


Overfull \hbox (5.81499pt too wide) in paragraph at lines 336--336
[]|\OT1/ptm/m/n/8 19560.67| 
 []


Overfull \hbox (1.54726pt too wide) in paragraph at lines 336--336
[]|\OT1/ptm/m/n/8 24780.32| 
 []


Overfull \hbox (1.15456pt too wide) in paragraph at lines 337--337
[]|\OT1/ptm/m/n/8 9| 
 []


Overfull \hbox (1.81499pt too wide) in paragraph at lines 337--337
[]|\OT1/ptm/m/n/8 1704.63| 
 []


Overfull \hbox (5.81499pt too wide) in paragraph at lines 337--337
[]|\OT1/ptm/m/n/8 34266.78| 
 []


Overfull \hbox (1.54726pt too wide) in paragraph at lines 337--337
[]|\OT1/ptm/m/n/8 23316.17| 
 []


Overfull \hbox (1.15456pt too wide) in paragraph at lines 338--338
[]|\OT1/ptm/m/n/8 3| 
 []


Overfull \hbox (5.81499pt too wide) in paragraph at lines 338--338
[]|\OT1/ptm/m/n/8 46376.57| 
 []


Overfull \hbox (5.81499pt too wide) in paragraph at lines 338--338
[]|\OT1/ptm/m/n/8 10405.34| 
 []


Overfull \hbox (1.15456pt too wide) in paragraph at lines 339--339
[]|\OT1/ptm/m/n/8 5| 
 []


Overfull \hbox (5.81499pt too wide) in paragraph at lines 339--339
[]|\OT1/ptm/m/n/8 43113.60| 
 []


Overfull \hbox (1.81499pt too wide) in paragraph at lines 339--339
[]|\OT1/ptm/m/n/8 7142.37| 
 []


Overfull \hbox (5.15456pt too wide) in paragraph at lines 340--340
[]|\OT1/ptm/m/n/8 13| 
 []


Overfull \hbox (5.81499pt too wide) in paragraph at lines 340--340
[]|\OT1/ptm/m/n/8 39703.54| 
 []


Overfull \hbox (1.81499pt too wide) in paragraph at lines 340--340
[]|\OT1/ptm/m/n/8 3732.35| 
 []


Overfull \hbox (5.15456pt too wide) in paragraph at lines 341--341
[]|\OT1/ptm/m/n/8 14| 
 []


Overfull \hbox (5.81499pt too wide) in paragraph at lines 341--341
[]|\OT1/ptm/m/n/8 42924.57| 
 []


Overfull \hbox (1.81499pt too wide) in paragraph at lines 341--341
[]|\OT1/ptm/m/n/8 6953.34| 
 []


Overfull \hbox (1.15456pt too wide) in paragraph at lines 342--342
[]|\OT1/ptm/m/n/8 ..| 
 []


Overfull \hbox (1.15456pt too wide) in paragraph at lines 343--343
[]|\OT1/ptm/m/n/8 ..| 
 []


Overfull \hbox (1.15456pt too wide) in paragraph at lines 344--344
[]|\OT1/ptm/m/n/8 1| 
 []


Overfull \hbox (4.7018pt too wide) in paragraph at lines 344--344
[]|\OT1/ptm/m/n/8 23,936,000| 
 []


Overfull \hbox (5.81499pt too wide) in paragraph at lines 344--344
[]|\OT1/ptm/m/n/8 22445.75| 
 []


Overfull \hbox (5.81499pt too wide) in paragraph at lines 344--344
[]|\OT1/ptm/m/n/8 13525.72| 
 []


Overfull \hbox (1.54726pt too wide) in paragraph at lines 344--344
[]|\OT1/ptm/m/n/8 18745.46| 
 []


Overfull \hbox (1.15456pt too wide) in paragraph at lines 345--345
[]|\OT1/ptm/m/n/8 2| 
 []


Overfull \hbox (5.81499pt too wide) in paragraph at lines 345--345
[]|\OT1/ptm/m/n/8 25752.77| 
 []


Overfull \hbox (5.81499pt too wide) in paragraph at lines 345--345
[]|\OT1/ptm/m/n/8 10218.79| 
 []


Overfull \hbox (1.54726pt too wide) in paragraph at lines 345--345
[]|\OT1/ptm/m/n/8 15438.41| 
 []


Overfull \hbox (1.15456pt too wide) in paragraph at lines 346--346
[]|\OT1/ptm/m/n/8 4| 
 []


Overfull \hbox (5.81499pt too wide) in paragraph at lines 346--346
[]|\OT1/ptm/m/n/8 28397.60| 
 []


Overfull \hbox (1.81499pt too wide) in paragraph at lines 346--346
[]|\OT1/ptm/m/n/8 7573.67| 
 []


Overfull \hbox (1.54726pt too wide) in paragraph at lines 346--346
[]|\OT1/ptm/m/n/8 12793.34| 
 []


Overfull \hbox (1.15456pt too wide) in paragraph at lines 347--347
[]|\OT1/ptm/m/n/8 6| 
 []


Overfull \hbox (5.81499pt too wide) in paragraph at lines 347--347
[]|\OT1/ptm/m/n/8 26607.92| 
 []


Overfull \hbox (1.81499pt too wide) in paragraph at lines 347--347
[]|\OT1/ptm/m/n/8 9366.97| 
 []


Overfull \hbox (1.54726pt too wide) in paragraph at lines 347--347
[]|\OT1/ptm/m/n/8 14586.03| 
 []


Overfull \hbox (5.15456pt too wide) in paragraph at lines 348--348
[]|\OT1/ptm/m/n/8 16| 
 []


Overfull \hbox (5.81499pt too wide) in paragraph at lines 348--348
[]|\OT1/ptm/m/n/8 30465.50| 
 []


Overfull \hbox (1.81499pt too wide) in paragraph at lines 348--348
[]|\OT1/ptm/m/n/8 5505.97| 
 []


Overfull \hbox (1.54726pt too wide) in paragraph at lines 348--348
[]|\OT1/ptm/m/n/8 10725.79| 
 []


Overfull \hbox (5.15456pt too wide) in paragraph at lines 349--349
[]|\OT1/ptm/m/n/8 17| 
 []


Overfull \hbox (5.81499pt too wide) in paragraph at lines 349--349
[]|\OT1/ptm/m/n/8 31293.50| 
 []


Overfull \hbox (1.81499pt too wide) in paragraph at lines 349--349
[]|\OT1/ptm/m/n/8 4678.14| 
 []


Overfull \hbox (4.09048pt too wide) in paragraph at lines 332--351
 [][] 
 []


Underfull \vbox (badness 10000) has occurred while \output is active []

 [4]
<fig3.png, id=31, 1062.97125pt x 282.30469pt>
File: fig3.png Graphic file (type png)
<use fig3.png>
Package pdftex.def Info: fig3.png  used on input line 391.
(pdftex.def)             Requested size: 252.0pt x 66.92313pt.

Underfull \vbox (badness 5637) has occurred while \output is active []


Underfull \hbox (badness 10000) in paragraph at lines 430--431

 []

[5 <./fig3.png>]
<fig4.png, id=39, 365.86688pt x 210.7875pt>
File: fig4.png Graphic file (type png)
<use fig4.png>
Package pdftex.def Info: fig4.png  used on input line 491.
(pdftex.def)             Requested size: 252.0pt x 145.18622pt.

Underfull \hbox (badness 10000) in paragraph at lines 501--502
[]\OT1/ptm/m/n/8 B. Ula Mu-tam-mimul, Bakhtiar, Desv-ina Yulisda, Badri-ana,
 []


Underfull \hbox (badness 6412) in paragraph at lines 501--502
\OT1/ptm/m/n/8 \Ap-pli-ca-tion Of The Fuzzy Time Se-ries Model In Cloth-ing
 []


Underfull \hbox (badness 5681) in paragraph at lines 501--502
\OT1/ptm/m/n/8 Ma-te-rial Stock Fore-cast-ing," J. Sist. Inf. Dan Ilmu Kom-put.

 []


Overfull \hbox (2.11769pt too wide) in paragraph at lines 501--502
\OT1/ptm/m/n/8 https://doi.org/10.34012/jurnalsisteminformasidanilmukomputer.v6
i1.286
 []


Underfull \hbox (badness 1533) in paragraph at lines 502--503
\OT1/ptm/m/n/8 J. Stat. Its Appl., vol. 3, no. 3, pp. 236-246, Oct. 2019, doi:
 []


** Conference Paper **
Before submitting the final camera ready copy, remember to:

 1. Manually equalize the lengths of two columns on the last page
 of your paper;

 2. Ensure that any PostScript and/or PDF output post-processing
 uses only Type 1 fonts and that every step in the generation
 process uses the appropriate paper size.

[6 <./fig4.png>] (./main.aux)
 ***********
LaTeX2e <2023-11-01> patch level 1
L3 programming layer <2024-02-20>
 ***********
 ) 
Here is how much of TeX's memory you used:
 4472 strings out of 474116
 69047 string characters out of 5747717
 1981190 words of memory out of 5000000
 26782 multiletter control sequences out of 15000+600000
 601218 words of font info for 124 fonts, out of 8000000 for 9000
 1141 hyphenation exceptions out of 8191
 57i,11n,65p,2594b,361s stack positions out of 10000i,1000n,20000p,200000b,200000s
<c:/texlive/2024/texmf-dist/fonts/type1/public/amsfonts/cm/cmex10.pfb><c:/tex
live/2024/texmf-dist/fonts/type1/public/amsfonts/cmextra/cmex7.pfb><c:/texlive/
2024/texmf-dist/fonts/type1/public/amsfonts/cm/cmmi10.pfb><c:/texlive/2024/texm
f-dist/fonts/type1/public/amsfonts/cm/cmmi7.pfb><c:/texlive/2024/texmf-dist/fon
ts/type1/public/amsfonts/cm/cmmi8.pfb><c:/texlive/2024/texmf-dist/fonts/type1/p
ublic/amsfonts/cm/cmr10.pfb><c:/texlive/2024/texmf-dist/fonts/type1/public/amsf
onts/cm/cmr5.pfb><c:/texlive/2024/texmf-dist/fonts/type1/public/amsfonts/cm/cmr
6.pfb><c:/texlive/2024/texmf-dist/fonts/type1/public/amsfonts/cm/cmr7.pfb><c:/t
exlive/2024/texmf-dist/fonts/type1/public/amsfonts/cm/cmsy10.pfb><c:/texlive/20
24/texmf-dist/fonts/type1/public/amsfonts/cm/cmsy7.pfb><c:/texlive/2024/texmf-d
ist/fonts/type1/urw/times/utmb8a.pfb><c:/texlive/2024/texmf-dist/fonts/type1/ur
w/times/utmbi8a.pfb><c:/texlive/2024/texmf-dist/fonts/type1/urw/times/utmr8a.pf
b><c:/texlive/2024/texmf-dist/fonts/type1/urw/times/utmri8a.pfb>
Output written on main.pdf (6 pages, 352030 bytes).
PDF statistics:
 106 PDF objects out of 1000 (max. 8388607)
 61 compressed objects within 1 object stream
 0 named destinations out of 1000 (max. 500000)
 21 words of extra memory for PDF output out of 10000 (max. 10000000)

